{"C:\\Users\\Facu\\Desktop\\Curso Desarrollo Full Stack Developer\\Ejercicios de Clases\\api_biblioteca\\src\\index.js": {"path":"C:\\Users\\Facu\\Desktop\\Curso Desarrollo Full Stack Developer\\Ejercicios de Clases\\api_biblioteca\\src\\index.js","statementMap":{"0":{"start":{"line":1,"column":16},"end":{"line":1,"column":34}},"1":{"start":{"line":2,"column":17},"end":{"line":2,"column":53}},"2":{"start":{"line":4,"column":21},"end":{"line":4,"column":58}},"3":{"start":{"line":9,"column":17},"end":{"line":13,"column":2}},"4":{"start":{"line":15,"column":12},"end":{"line":15,"column":21}},"5":{"start":{"line":17,"column":0},"end":{"line":17,"column":24}},"6":{"start":{"line":20,"column":21},"end":{"line":20,"column":47}},"7":{"start":{"line":22,"column":0},"end":{"line":22,"column":47}},"8":{"start":{"line":24,"column":0},"end":{"line":24,"column":22}},"9":{"start":{"line":26,"column":0},"end":{"line":28,"column":3}},"10":{"start":{"line":27,"column":4},"end":{"line":27,"column":59}},"11":{"start":{"line":30,"column":0},"end":{"line":30,"column":21}}},"fnMap":{"0":{"name":"(anonymous_0)","decl":{"start":{"line":26,"column":17},"end":{"line":26,"column":18}},"loc":{"start":{"line":26,"column":23},"end":{"line":28,"column":1}},"line":26}},"branchMap":{},"s":{"0":1,"1":1,"2":1,"3":1,"4":1,"5":1,"6":1,"7":1,"8":1,"9":1,"10":1,"11":1},"f":{"0":1},"b":{},"_coverageSchema":"1a1c01bbd47fc00a2c39e90264f33305004495a9","hash":"76af89d59bdb53b3c8d33567e3f476aafc05cff9"}
,"C:\\Users\\Facu\\Desktop\\Curso Desarrollo Full Stack Developer\\Ejercicios de Clases\\api_biblioteca\\src\\controllers\\libroController.js": {"path":"C:\\Users\\Facu\\Desktop\\Curso Desarrollo Full Stack Developer\\Ejercicios de Clases\\api_biblioteca\\src\\controllers\\libroController.js","statementMap":{"0":{"start":{"line":1,"column":14},"end":{"line":1,"column":40}},"1":{"start":{"line":3,"column":0},"end":{"line":12,"column":2}},"2":{"start":{"line":4,"column":4},"end":{"line":11,"column":5}},"3":{"start":{"line":5,"column":23},"end":{"line":5,"column":41}},"4":{"start":{"line":6,"column":8},"end":{"line":6,"column":37}},"5":{"start":{"line":8,"column":8},"end":{"line":10,"column":11}},"6":{"start":{"line":14,"column":0},"end":{"line":28,"column":2}},"7":{"start":{"line":15,"column":4},"end":{"line":27,"column":5}},"8":{"start":{"line":16,"column":22},"end":{"line":16,"column":57}},"9":{"start":{"line":17,"column":8},"end":{"line":21,"column":9}},"10":{"start":{"line":18,"column":12},"end":{"line":20,"column":15}},"11":{"start":{"line":22,"column":8},"end":{"line":22,"column":36}},"12":{"start":{"line":24,"column":8},"end":{"line":26,"column":11}},"13":{"start":{"line":30,"column":0},"end":{"line":40,"column":2}},"14":{"start":{"line":31,"column":4},"end":{"line":39,"column":5}},"15":{"start":{"line":32,"column":27},"end":{"line":32,"column":55}},"16":{"start":{"line":33,"column":8},"end":{"line":33,"column":32}},"17":{"start":{"line":34,"column":8},"end":{"line":34,"column":41}},"18":{"start":{"line":36,"column":8},"end":{"line":38,"column":11}},"19":{"start":{"line":42,"column":0},"end":{"line":60,"column":2}},"20":{"start":{"line":43,"column":4},"end":{"line":59,"column":5}},"21":{"start":{"line":44,"column":22},"end":{"line":46,"column":10}},"22":{"start":{"line":48,"column":8},"end":{"line":52,"column":9}},"23":{"start":{"line":49,"column":12},"end":{"line":51,"column":15}},"24":{"start":{"line":54,"column":8},"end":{"line":54,"column":36}},"25":{"start":{"line":56,"column":8},"end":{"line":58,"column":11}},"26":{"start":{"line":63,"column":0},"end":{"line":75,"column":2}},"27":{"start":{"line":64,"column":4},"end":{"line":74,"column":5}},"28":{"start":{"line":65,"column":24},"end":{"line":65,"column":37}},"29":{"start":{"line":67,"column":31},"end":{"line":67,"column":69}},"30":{"start":{"line":69,"column":8},"end":{"line":69,"column":45}},"31":{"start":{"line":71,"column":8},"end":{"line":73,"column":11}}},"fnMap":{"0":{"name":"(anonymous_0)","decl":{"start":{"line":3,"column":23},"end":{"line":3,"column":24}},"loc":{"start":{"line":3,"column":43},"end":{"line":12,"column":1}},"line":3},"1":{"name":"(anonymous_1)","decl":{"start":{"line":14,"column":23},"end":{"line":14,"column":24}},"loc":{"start":{"line":14,"column":43},"end":{"line":28,"column":1}},"line":14},"2":{"name":"(anonymous_2)","decl":{"start":{"line":30,"column":22},"end":{"line":30,"column":23}},"loc":{"start":{"line":30,"column":42},"end":{"line":40,"column":1}},"line":30},"3":{"name":"(anonymous_3)","decl":{"start":{"line":42,"column":22},"end":{"line":42,"column":23}},"loc":{"start":{"line":42,"column":42},"end":{"line":60,"column":1}},"line":42},"4":{"name":"(anonymous_4)","decl":{"start":{"line":63,"column":22},"end":{"line":63,"column":23}},"loc":{"start":{"line":63,"column":42},"end":{"line":75,"column":1}},"line":63}},"branchMap":{"0":{"loc":{"start":{"line":17,"column":8},"end":{"line":21,"column":9}},"type":"if","locations":[{"start":{"line":17,"column":8},"end":{"line":21,"column":9}},{"start":{},"end":{}}],"line":17},"1":{"loc":{"start":{"line":48,"column":8},"end":{"line":52,"column":9}},"type":"if","locations":[{"start":{"line":48,"column":8},"end":{"line":52,"column":9}},{"start":{},"end":{}}],"line":48}},"s":{"0":2,"1":2,"2":2,"3":2,"4":2,"5":0,"6":2,"7":1,"8":1,"9":1,"10":0,"11":1,"12":0,"13":2,"14":2,"15":2,"16":2,"17":2,"18":0,"19":2,"20":2,"21":2,"22":2,"23":1,"24":1,"25":0,"26":2,"27":1,"28":1,"29":1,"30":1,"31":0},"f":{"0":2,"1":1,"2":2,"3":2,"4":1},"b":{"0":[0,1],"1":[1,1]},"_coverageSchema":"1a1c01bbd47fc00a2c39e90264f33305004495a9","hash":"b2388a6302a8ccf8c466e93f68dcdfc9a42205c4"}
,"C:\\Users\\Facu\\Desktop\\Curso Desarrollo Full Stack Developer\\Ejercicios de Clases\\api_biblioteca\\src\\middlewares\\errorHandler.js": {"path":"C:\\Users\\Facu\\Desktop\\Curso Desarrollo Full Stack Developer\\Ejercicios de Clases\\api_biblioteca\\src\\middlewares\\errorHandler.js","statementMap":{"0":{"start":{"line":1,"column":21},"end":{"line":12,"column":1}},"1":{"start":{"line":2,"column":23},"end":{"line":2,"column":44}},"2":{"start":{"line":4,"column":26},"end":{"line":9,"column":5}},"3":{"start":{"line":11,"column":4},"end":{"line":11,"column":47}},"4":{"start":{"line":14,"column":0},"end":{"line":14,"column":30}}},"fnMap":{"0":{"name":"(anonymous_0)","decl":{"start":{"line":1,"column":21},"end":{"line":1,"column":22}},"loc":{"start":{"line":1,"column":46},"end":{"line":12,"column":1}},"line":1}},"branchMap":{"0":{"loc":{"start":{"line":2,"column":23},"end":{"line":2,"column":44}},"type":"binary-expr","locations":[{"start":{"line":2,"column":23},"end":{"line":2,"column":37}},{"start":{"line":2,"column":41},"end":{"line":2,"column":44}}],"line":2},"1":{"loc":{"start":{"line":6,"column":21},"end":{"line":6,"column":66}},"type":"binary-expr","locations":[{"start":{"line":6,"column":21},"end":{"line":6,"column":32}},{"start":{"line":6,"column":36},"end":{"line":6,"column":66}}],"line":6},"2":{"loc":{"start":{"line":7,"column":18},"end":{"line":7,"column":46}},"type":"binary-expr","locations":[{"start":{"line":7,"column":18},"end":{"line":7,"column":26}},{"start":{"line":7,"column":30},"end":{"line":7,"column":46}}],"line":7}},"s":{"0":1,"1":0,"2":0,"3":0,"4":1},"f":{"0":0},"b":{"0":[0,0],"1":[0,0],"2":[0,0]},"_coverageSchema":"1a1c01bbd47fc00a2c39e90264f33305004495a9","hash":"18e308d4badf7ee680a7de245aaf1b36ec083f3f"}
,"C:\\Users\\Facu\\Desktop\\Curso Desarrollo Full Stack Developer\\Ejercicios de Clases\\api_biblioteca\\src\\models\\Libro.js": {"path":"C:\\Users\\Facu\\Desktop\\Curso Desarrollo Full Stack Developer\\Ejercicios de Clases\\api_biblioteca\\src\\models\\Libro.js","statementMap":{"0":{"start":{"line":2,"column":17},"end":{"line":2,"column":36}},"1":{"start":{"line":4,"column":0},"end":{"line":7,"column":3}},"2":{"start":{"line":9,"column":20},"end":{"line":14,"column":25}},"3":{"start":{"line":16,"column":14},"end":{"line":16,"column":50}},"4":{"start":{"line":18,"column":0},"end":{"line":18,"column":23}}},"fnMap":{},"branchMap":{},"s":{"0":2,"1":2,"2":2,"3":2,"4":2},"f":{},"b":{},"_coverageSchema":"1a1c01bbd47fc00a2c39e90264f33305004495a9","hash":"226269b98c2642372160371be377215caab553f2"}
,"C:\\Users\\Facu\\Desktop\\Curso Desarrollo Full Stack Developer\\Ejercicios de Clases\\api_biblioteca\\src\\routes\\libros.js": {"path":"C:\\Users\\Facu\\Desktop\\Curso Desarrollo Full Stack Developer\\Ejercicios de Clases\\api_biblioteca\\src\\routes\\libros.js","statementMap":{"0":{"start":{"line":1,"column":16},"end":{"line":1,"column":34}},"1":{"start":{"line":2,"column":15},"end":{"line":2,"column":31}},"2":{"start":{"line":4,"column":24},"end":{"line":4,"column":68}},"3":{"start":{"line":6,"column":26},"end":{"line":6,"column":62}},"4":{"start":{"line":9,"column":0},"end":{"line":9,"column":77}},"5":{"start":{"line":12,"column":0},"end":{"line":12,"column":81}},"6":{"start":{"line":15,"column":0},"end":{"line":15,"column":78}},"7":{"start":{"line":18,"column":0},"end":{"line":18,"column":80}},"8":{"start":{"line":21,"column":0},"end":{"line":21,"column":83}},"9":{"start":{"line":23,"column":0},"end":{"line":23,"column":24}}},"fnMap":{},"branchMap":{},"s":{"0":1,"1":1,"2":1,"3":1,"4":1,"5":1,"6":1,"7":1,"8":1,"9":1},"f":{},"b":{},"_coverageSchema":"1a1c01bbd47fc00a2c39e90264f33305004495a9","hash":"441a314bd1a12e025964b4475d6e3bdc293f2609"}
}
